IMLib/build/outputs/logs/manifest-merger-debug-report.txt
-- Merging decision tree log ---
manifest
ADDED from art\IMLib\AndroidManifest.xml:1:1-95:12
INJECTED from art\IMLib\AndroidManifest.xml:1:1-95:12
INJECTED from art\IMLib\AndroidManifest.xml:1:1-95:12
	package
		ADDED from art\IMLib\AndroidManifest.xml:2:5-28
		INJECTED from art\IMLib\AndroidManifest.xml
		INJECTED from art\IMLib\AndroidManifest.xml
	xmlns:android
		ADDED from art\IMLib\AndroidManifest.xml:1:11-69
uses-permission#android.permission.WRITE_EXTERNAL_STORAGE
ADDED from art\IMLib\AndroidManifest.xml:5:5-81
	android:name
		ADDED from art\IMLib\AndroidManifest.xml:5:22-78
uses-permission#android.permission.INTERNET
ADDED from art\IMLib\AndroidManifest.xml:6:5-67
	android:name
		ADDED from art\IMLib\AndroidManifest.xml:6:22-64
uses-permission#android.permission.ACCESS_NETWORK_STATE
ADDED from art\IMLib\AndroidManifest.xml:7:5-79
	android:name
		ADDED from art\IMLib\AndroidManifest.xml:7:22-76
uses-permission#android.permission.ACCESS_WIFI_STATE
ADDED from art\IMLib\AndroidManifest.xml:8:5-76
	android:name
		ADDED from art\IMLib\AndroidManifest.xml:8:22-73
uses-permission#android.permission.READ_PHONE_STATE
ADDED from art\IMLib\AndroidManifest.xml:9:5-75
	android:name
		ADDED from art\IMLib\AndroidManifest.xml:9:22-72
uses-permission#android.permission.RECORD_AUDIO
ADDED from art\IMLib\AndroidManifest.xml:10:5-71
	android:name
		ADDED from art\IMLib\AndroidManifest.xml:10:22-68
uses-permission#android.permission.GET_TASKS
ADDED from art\IMLib\AndroidManifest.xml:11:5-68
	android:name
		ADDED from art\IMLib\AndroidManifest.xml:11:22-65
uses-permission#android.permission.WAKE_LOCK
ADDED from art\IMLib\AndroidManifest.xml:12:5-68
	android:name
		ADDED from art\IMLib\AndroidManifest.xml:12:22-65
uses-permission#android.permission.MODIFY_AUDIO_SETTINGS
ADDED from art\IMLib\AndroidManifest.xml:13:5-80
	android:name
		ADDED from art\IMLib\AndroidManifest.xml:13:22-77
uses-permission#android.permission.VIBRATE
ADDED from art\IMLib\AndroidManifest.xml:14:5-66
	android:name
		ADDED from art\IMLib\AndroidManifest.xml:14:22-63
uses-permission#android.permission.ACCESS_FINE_LOCATION
ADDED from art\IMLib\AndroidManifest.xml:15:5-79
	android:name
		ADDED from art\IMLib\AndroidManifest.xml:15:22-76
uses-permission#android.permission.RECEIVE_BOOT_COMPLETED
ADDED from art\IMLib\AndroidManifest.xml:16:5-81
	android:name
		ADDED from art\IMLib\AndroidManifest.xml:16:22-78
application
ADDED from art\IMLib\AndroidManifest.xml:18:5-93:19
meta-data#RONG_CLOUD_APP_KEY
ADDED from art\IMLib\AndroidManifest.xml:25:9-27:45
	android:value
		ADDED from art\IMLib\AndroidManifest.xml:27:13-42
	android:name
		ADDED from art\IMLib\AndroidManifest.xml:26:13-46
service#io.rong.imlib.ipc.RongService
ADDED from art\IMLib\AndroidManifest.xml:30:9-33:38
	android:process
		ADDED from art\IMLib\AndroidManifest.xml:33:13-35
	android:exported
		ADDED from art\IMLib\AndroidManifest.xml:32:13-36
	android:name
		ADDED from art\IMLib\AndroidManifest.xml:31:13-57
service#io.rong.imlib.ReConnectService
ADDED from art\IMLib\AndroidManifest.xml:35:9-36:38
	android:exported
		ADDED from art\IMLib\AndroidManifest.xml:36:13-36
	android:name
		ADDED from art\IMLib\AndroidManifest.xml:35:18-63
receiver#io.rong.imlib.ConnectChangeReceiver
ADDED from art\IMLib\AndroidManifest.xml:38:9-39:38
	android:exported
		ADDED from art\IMLib\AndroidManifest.xml:39:13-36
	android:name
		ADDED from art\IMLib\AndroidManifest.xml:38:19-69
receiver#io.rong.imlib.HeartbeatReceiver
ADDED from art\IMLib\AndroidManifest.xml:41:9-43:38
	android:process
		ADDED from art\IMLib\AndroidManifest.xml:43:13-35
	android:name
		ADDED from art\IMLib\AndroidManifest.xml:42:13-59
service#io.rong.push.core.PushRegistrationService
ADDED from art\IMLib\AndroidManifest.xml:49:9-52:19
	android:exported
		ADDED from art\IMLib\AndroidManifest.xml:51:13-37
	android:name
		ADDED from art\IMLib\AndroidManifest.xml:50:13-69
service#io.rong.push.core.MessageHandleService
ADDED from art\IMLib\AndroidManifest.xml:55:9-58:19
	android:exported
		ADDED from art\IMLib\AndroidManifest.xml:57:13-36
	android:name
		ADDED from art\IMLib\AndroidManifest.xml:56:13-66
service#io.rong.push.PushService
ADDED from art\IMLib\AndroidManifest.xml:61:9-65:19
	android:process
		ADDED from art\IMLib\AndroidManifest.xml:64:13-43
	android:exported
		ADDED from art\IMLib\AndroidManifest.xml:63:13-36
	android:name
		ADDED from art\IMLib\AndroidManifest.xml:62:13-52
receiver#io.rong.push.PushReceiver
ADDED from art\IMLib\AndroidManifest.xml:68:9-88:20
	android:process
		ADDED from art\IMLib\AndroidManifest.xml:70:13-43
	android:name
		ADDED from art\IMLib\AndroidManifest.xml:69:13-53
intent-filter#io.rong.push.intent.action.HEART_BEAT
ADDED from art\IMLib\AndroidManifest.xml:72:13-74:29
action#io.rong.push.intent.action.HEART_BEAT
ADDED from art\IMLib\AndroidManifest.xml:73:17-80
	android:name
		ADDED from art\IMLib\AndroidManifest.xml:73:25-77
intent-filter#android.net.conn.CONNECTIVITY_CHANGE
ADDED from art\IMLib\AndroidManifest.xml:76:13-78:29
action#android.net.conn.CONNECTIVITY_CHANGE
ADDED from art\IMLib\AndroidManifest.xml:77:17-79
	android:name
		ADDED from art\IMLib\AndroidManifest.xml:77:25-76
intent-filter#android.intent.action.BOOT_COMPLETED
ADDED from art\IMLib\AndroidManifest.xml:80:13-82:29
action#android.intent.action.BOOT_COMPLETED
ADDED from art\IMLib\AndroidManifest.xml:81:17-79
	android:name
		ADDED from art\IMLib\AndroidManifest.xml:81:25-76
intent-filter#android.intent.action.ACTION_POWER_CONNECTED+android.intent.action.ACTION_POWER_DISCONNECTED+android.intent.action.USER_PRESENT
ADDED from art\IMLib\AndroidManifest.xml:83:13-87:29
action#android.intent.action.USER_PRESENT
ADDED from art\IMLib\AndroidManifest.xml:84:17-77
	android:name
		ADDED from art\IMLib\AndroidManifest.xml:84:25-74
action#android.intent.action.ACTION_POWER_CONNECTED
ADDED from art\IMLib\AndroidManifest.xml:85:17-87
	android:name
		ADDED from art\IMLib\AndroidManifest.xml:85:25-84
action#android.intent.action.ACTION_POWER_DISCONNECTED
ADDED from art\IMLib\AndroidManifest.xml:86:17-90
	android:name
		ADDED from art\IMLib\AndroidManifest.xml:86:25-87
uses-sdk
INJECTED from art\IMLib\AndroidManifest.xml reason: use-sdk injection requested
INJECTED from art\IMLib\AndroidManifest.xml
INJECTED from art\IMLib\AndroidManifest.xml
INJECTED from art\IMLib\AndroidManifest.xml
INJECTED from art\IMLib\AndroidManifest.xml
	android:targetSdkVersion
		INJECTED from art\IMLib\AndroidManifest.xml
		ADDED from art\IMLib\AndroidManifest.xml
		INJECTED from art\IMLib\AndroidManifest.xml
	android:minSdkVersion
		INJECTED from art\IMLib\AndroidManifest.xml
		ADDED from art\IMLib\AndroidManifest.xml
		INJECTED from art\IMLib\AndroidManifest.xml